<?xml version="1.0" encoding="UTF-8"?>
<!-- Generated by org.testng.reporters.JUnitXMLReporter -->
<testsuite ignored="0" hostname="DESKTOP-7SKN0R1" failures="0" tests="6" name="Default test" time="0.111" errors="0" timestamp="2022-05-30T15:19:47 IST">
  <testcase classname="com.Saucedemo.Practice.Practice1" name="method" time="0.01"/>
  <testcase classname="com.Saucedemo.Practice.Practice1" name="method" time="0.005"/>
  <testcase classname="com.Saucedemo.Practice.Practice1" name="method" time="0.004"/>
  <testcase classname="com.Saucedemo.Practice.Practice1" name="method" time="0.002"/>
  <testcase classname="com.Saucedemo.Practice.Practice1" name="loginTest" time="0.004"/>
  <testcase classname="com.Saucedemo.Practice.Practice1" name="sigleProductTest" time="0.004"/>
</testsuite> <!-- Default test -->
