<?xml version="1.0" encoding="UTF-8"?>
<testng-results ignored="0" total="6" passed="6" failed="0" skipped="0">
  <reporter-output>
  </reporter-output>
  <suite started-at="2022-05-30T15:19:46 IST" name="Default suite" finished-at="2022-05-30T15:19:46 IST" duration-ms="111">
    <groups>
    </groups>
    <test started-at="2022-05-30T15:19:46 IST" name="Default test" finished-at="2022-05-30T15:19:46 IST" duration-ms="111">
      <class name="com.Saucedemo.Practice.Practice1">
        <test-method signature="method()[pri:0, instance:com.Saucedemo.Practice.Practice1@7e5afaa6]" started-at="2022-05-30T15:19:46 IST" name="method" finished-at="2022-05-30T15:19:46 IST" duration-ms="10" status="PASS">
          <reporter-output>
          </reporter-output>
        </test-method> <!-- method -->
        <test-method signature="method()[pri:0, instance:com.Saucedemo.Practice.Practice1@7e5afaa6]" started-at="2022-05-30T15:19:46 IST" name="method" finished-at="2022-05-30T15:19:46 IST" duration-ms="5" status="PASS">
          <reporter-output>
          </reporter-output>
        </test-method> <!-- method -->
        <test-method signature="method()[pri:0, instance:com.Saucedemo.Practice.Practice1@7e5afaa6]" started-at="2022-05-30T15:19:46 IST" name="method" finished-at="2022-05-30T15:19:46 IST" duration-ms="4" status="PASS">
          <reporter-output>
          </reporter-output>
        </test-method> <!-- method -->
        <test-method signature="method()[pri:0, instance:com.Saucedemo.Practice.Practice1@7e5afaa6]" started-at="2022-05-30T15:19:46 IST" name="method" finished-at="2022-05-30T15:19:46 IST" duration-ms="2" status="PASS">
          <reporter-output>
          </reporter-output>
        </test-method> <!-- method -->
        <test-method signature="loginTest()[pri:2, instance:com.Saucedemo.Practice.Practice1@7e5afaa6]" started-at="2022-05-30T15:19:46 IST" name="loginTest" finished-at="2022-05-30T15:19:46 IST" duration-ms="4" status="PASS">
          <reporter-output>
          </reporter-output>
        </test-method> <!-- loginTest -->
        <test-method signature="sigleProductTest()[pri:1, instance:com.Saucedemo.Practice.Practice1@7e5afaa6]" started-at="2022-05-30T15:19:46 IST" name="sigleProductTest" finished-at="2022-05-30T15:19:46 IST" depends-on-methods="com.Saucedemo.Practice.Practice1.loginTest" duration-ms="4" status="PASS">
          <reporter-output>
          </reporter-output>
        </test-method> <!-- sigleProductTest -->
      </class> <!-- com.Saucedemo.Practice.Practice1 -->
    </test> <!-- Default test -->
  </suite> <!-- Default suite -->
</testng-results>
